<?xml version="1.0" encoding="UTF-8"?>
<testng-results ignored="0" total="2" passed="2" failed="0" skipped="0">
  <reporter-output>
  </reporter-output>
  <suite started-at="2022-06-07T12:11:53 IST" name="Suite" finished-at="2022-06-07T12:17:44 IST" duration-ms="350572">
    <groups>
      <group name="pune">
        <method signature="ProfoundTest.Test1()[pri:0, instance:com.profound.ProfoundTest@57c758ac]" name="Test1" class="com.profound.ProfoundTest"/>
        <method signature="ProfoundTest.Test1()[pri:0, instance:com.profound.ProfoundTest@20deea7f]" name="Test1" class="com.profound.ProfoundTest"/>
      </group> <!-- pune -->
    </groups>
    <test started-at="2022-06-07T12:11:53 IST" name="Test1" finished-at="2022-06-07T12:13:36 IST" duration-ms="102934">
      <class name="com.profound.ProfoundTest">
        <test-method is-config="true" signature="LaunchBrowser(java.lang.String)[pri:0, instance:com.profound.ProfoundTest@57c758ac]" started-at="2022-06-07T12:11:53 IST" name="LaunchBrowser" finished-at="2022-06-07T12:12:53 IST" duration-ms="60336" status="PASS">
          <params>
            <param index="0">
              <value>
                <![CDATA[chrome]]>
              </value>
            </param>
          </params>
          <reporter-output>
          </reporter-output>
        </test-method> <!-- LaunchBrowser -->
        <test-method is-config="true" signature="Registation()[pri:0, instance:com.profound.ProfoundTest@57c758ac]" started-at="2022-06-07T12:12:53 IST" name="Registation" finished-at="2022-06-07T12:13:29 IST" duration-ms="35218" status="PASS">
          <reporter-output>
          </reporter-output>
        </test-method> <!-- Registation -->
        <test-method signature="Test1()[pri:0, instance:com.profound.ProfoundTest@57c758ac]" started-at="2022-06-07T12:13:29 IST" name="Test1" finished-at="2022-06-07T12:13:29 IST" duration-ms="316" status="PASS">
          <reporter-output>
          </reporter-output>
        </test-method> <!-- Test1 -->
        <test-method is-config="true" signature="TearDown()[pri:0, instance:com.profound.ProfoundTest@57c758ac]" started-at="2022-06-07T12:13:29 IST" name="TearDown" finished-at="2022-06-07T12:13:36 IST" duration-ms="6862" status="PASS">
          <reporter-output>
          </reporter-output>
        </test-method> <!-- TearDown -->
      </class> <!-- com.profound.ProfoundTest -->
    </test> <!-- Test1 -->
    <test started-at="2022-06-07T12:13:38 IST" name="Test2" finished-at="2022-06-07T12:17:44 IST" duration-ms="245347">
      <class name="com.profound.ProfoundTest">
        <test-method is-config="true" signature="LaunchBrowser(java.lang.String)[pri:0, instance:com.profound.ProfoundTest@20deea7f]" started-at="2022-06-07T12:13:38 IST" name="LaunchBrowser" finished-at="2022-06-07T12:16:52 IST" duration-ms="194327" status="PASS">
          <params>
            <param index="0">
              <value>
                <![CDATA[edge]]>
              </value>
            </param>
          </params>
          <reporter-output>
          </reporter-output>
        </test-method> <!-- LaunchBrowser -->
        <test-method is-config="true" signature="Registation()[pri:0, instance:com.profound.ProfoundTest@20deea7f]" started-at="2022-06-07T12:16:53 IST" name="Registation" finished-at="2022-06-07T12:17:35 IST" duration-ms="42279" status="PASS">
          <reporter-output>
          </reporter-output>
        </test-method> <!-- Registation -->
        <test-method signature="Test1()[pri:0, instance:com.profound.ProfoundTest@20deea7f]" started-at="2022-06-07T12:17:35 IST" name="Test1" finished-at="2022-06-07T12:17:35 IST" duration-ms="49" status="PASS">
          <reporter-output>
          </reporter-output>
        </test-method> <!-- Test1 -->
        <test-method is-config="true" signature="TearDown()[pri:0, instance:com.profound.ProfoundTest@20deea7f]" started-at="2022-06-07T12:17:35 IST" name="TearDown" finished-at="2022-06-07T12:17:44 IST" duration-ms="8606" status="PASS">
          <reporter-output>
          </reporter-output>
        </test-method> <!-- TearDown -->
      </class> <!-- com.profound.ProfoundTest -->
    </test> <!-- Test2 -->
  </suite> <!-- Suite -->
</testng-results>
